<?xml version="1.0" encoding="UTF-8"?>
<!-- Generated by org.testng.reporters.JUnitReportReporter -->
<testsuite hostname="DESKTOP-4PKOLM5" failures="0" tests="3" name="Day32.Demo2" time="0.006" errors="0" timestamp="2022-09-19T23:36:20 IST" skipped="0">
  <testcase classname="Day32.Demo2" name="registerUser" time="0.002"/>
  <system-out>
    <![CDATA[register User]]>
  </system-out>
  <testcase classname="Day32.Demo2" name="editUser" time="0.002"/>
  <system-out>
    <![CDATA[Edit User]]>
  </system-out>
  <testcase classname="Day32.Demo2" name="deleteUser" time="0.002"/>
  <system-out>
    <![CDATA[Delete User]]>
  </system-out>
</testsuite> <!-- Day32.Demo2 -->
