<?xml version="1.0" encoding="UTF-8"?>
<!-- Generated by org.testng.reporters.JUnitReportReporter -->
<testsuite hostname="DESKTOP-4PKOLM5" failures="0" tests="4" name="Day32.Demo3" time="0.012" errors="0" timestamp="2022-09-19T23:40:44 IST" skipped="0">
  <testcase classname="Day32.Demo3" name="createUser" time="0.001"/>
  <system-out>
    <![CDATA[Hello]]>
  </system-out>
  <testcase classname="Day32.Demo3" name="createUser" time="0.001"/>
  <system-out>
    <![CDATA[Hello]]>
  </system-out>
  <testcase classname="Day32.Demo3" name="createUser" time="0.009"/>
  <system-out>
    <![CDATA[Hello]]>
  </system-out>
  <testcase classname="Day32.Demo3" name="createUser" time="0.001"/>
  <system-out>
    <![CDATA[Hello]]>
  </system-out>
</testsuite> <!-- Day32.Demo3 -->
