<?xml version="1.0" encoding="UTF-8"?>
<!-- Generated by org.testng.reporters.JUnitReportReporter -->
<testsuite hostname="DESKTOP-4PKOLM5" failures="0" tests="2" name="day33.Demo1" time="0.008" errors="0" timestamp="2022-09-20T21:32:51 IST" skipped="0">
  <testcase classname="day33.Demo1" name="TestData" time="0.008"/>
  <system-out>
    <![CDATA[UserName:hello]]>
  </system-out>
  <testcase classname="day33.Demo1" name="TestData" time="0.000"/>
  <system-out>
    <![CDATA[UserName:world]]>
  </system-out>
</testsuite> <!-- day33.Demo1 -->
