<?xml version="1.0" encoding="UTF-8"?>
<!-- Generated by org.testng.reporters.JUnitReportReporter -->
<testsuite hostname="DESKTOP-4PKOLM5" failures="0" tests="1" name="Day32.Demo1" time="0.013" errors="0" timestamp="2022-09-27T23:26:05 IST" skipped="0">
  <testcase classname="Day32.Demo1" name="testA" time="0.013"/>
  <system-out>
    <![CDATA[hi this is testing
hi this is testing
hi this is testing]]>
  </system-out>
</testsuite> <!-- Day32.Demo1 -->
