<?xml version="1.0" encoding="UTF-8"?>
<!-- Generated by org.testng.reporters.JUnitReportReporter -->
<testsuite hostname="DESKTOP-4PKOLM5" failures="0" tests="1" name="day34.Demo1" time="0.023" errors="0" timestamp="2022-09-22T23:43:22 IST" skipped="0">
  <testcase classname="day34.Demo1" name="testA" time="0.023"/>
  <system-out>
    <![CDATA[Open Browser
Enter URL
Close the browser]]>
  </system-out>
</testsuite> <!-- day34.Demo1 -->
