<?xml version="1.0" encoding="UTF-8"?>
<!-- Generated by org.testng.reporters.JUnitReportReporter -->
<testsuite hostname="DESKTOP-4PKOLM5" failures="0" tests="2" name="Day32.Demo4" time="0.009" errors="0" timestamp="2022-09-19T23:53:11 IST" skipped="0">
  <testcase classname="Day32.Demo4" name="CreateUser" time="0.008"/>
  <system-out>
    <![CDATA[User Name:Bhanu]]>
  </system-out>
  <testcase classname="Day32.Demo4" name="CreateUser" time="0.001"/>
  <system-out>
    <![CDATA[User Name:Surya]]>
  </system-out>
</testsuite> <!-- Day32.Demo4 -->
