<?xml version="1.0" encoding="UTF-8"?>
<!-- Generated by org.testng.reporters.JUnitReportReporter -->
<testsuite hostname="DESKTOP-4PKOLM5" failures="0" tests="1" name="day34.Demo6" time="0.015" errors="0" timestamp="2022-09-26T21:25:57 IST" skipped="0">
  <testcase classname="day34.Demo6" name="testA" time="0.015"/>
  <system-out>
    <![CDATA[alloted city is Hassan and pin code is 573201]]>
  </system-out>
</testsuite> <!-- day34.Demo6 -->
