<?xml version="1.0" encoding="UTF-8"?>
<!-- Generated by org.testng.reporters.JUnitReportReporter -->
<testsuite hostname="DESKTOP-4PKOLM5" failures="0" tests="2" name="day33.Demo3" time="0.009" errors="0" timestamp="2022-09-20T22:41:08 IST" skipped="0">
  <testcase classname="day33.Demo3" name="logIn" time="0.008"/>
  <system-out>
    <![CDATA[UserName: sumanth
Password: cms 
]]>
  </system-out>
  <testcase classname="day33.Demo3" name="logIn" time="0.001"/>
  <system-out>
    <![CDATA[UserName: malnad
Password: mce 
]]>
  </system-out>
</testsuite> <!-- day33.Demo3 -->
