<?xml version="1.0" encoding="UTF-8"?>
<!-- Generated by org.testng.reporters.JUnitReportReporter -->
<testsuite hostname="DESKTOP-4PKOLM5" failures="0" tests="2" name="day33.Demo4" time="0.009" errors="0" timestamp="2022-09-20T22:56:27 IST" skipped="0">
  <testcase classname="day33.Demo4" name="createUser" time="0.008"/>
  <system-out>
    <![CDATA[Create User]]>
  </system-out>
  <testcase classname="day33.Demo4" name="editUser" time="0.001"/>
  <system-out>
    <![CDATA[Edit User]]>
  </system-out>
</testsuite> <!-- day33.Demo4 -->
