<?xml version="1.0" encoding="UTF-8"?>
<!-- Generated by org.testng.reporters.JUnitReportReporter -->
<testsuite hostname="DESKTOP-4PKOLM5" failures="0" tests="3" name="day33.Demo5" time="0.011" errors="0" timestamp="2022-09-20T23:04:08 IST" skipped="0">
  <testcase classname="day33.Demo5" name="createUser" time="0.008"/>
  <system-out>
    <![CDATA[Create User]]>
  </system-out>
  <testcase classname="day33.Demo5" name="test" time="0.000"/>
  <system-out>
    <![CDATA[test() running]]>
  </system-out>
  <testcase classname="day33.Demo5" name="editUser" time="0.003"/>
  <system-out>
    <![CDATA[Edit User]]>
  </system-out>
</testsuite> <!-- day33.Demo5 -->
