<?xml version="1.0" encoding="UTF-8"?>
<!-- Generated by org.testng.reporters.JUnitReportReporter -->
<testsuite hostname="DESKTOP-4PKOLM5" failures="0" tests="1" name="day33.Demo7" time="0.010" errors="0" timestamp="2022-09-22T22:43:46 IST" skipped="0">
  <testcase classname="day33.Demo7" name="testMsg" time="0.010"/>
  <system-out>
    <![CDATA[Test() running]]>
  </system-out>
</testsuite> <!-- day33.Demo7 -->
